生成启动时间为 2016/10/9 16:04:08。
     1>项目“C:\Users\YAN\Documents\Visual Studio 2013\Projects\SkipList\SkipList\SkipList.vcxproj”在节点 2 上(Build 个目标)。
     1>ClCompile:
         C:\Program Files (x86)\Microsoft Visual Studio 12.0\VC\bin\CL.exe /c /ZI /nologo /W3 /WX- /sdl /Od /Oy- /D WIN32 /D _DEBUG /D _CONSOLE /D _LIB /D _UNICODE /D UNICODE /Gm /EHsc /RTC1 /MDd /GS /fp:precise /Zc:wchar_t /Zc:forScope /Yu"stdafx.h" /Fp"Debug\SkipList.pch" /Fo"Debug\\" /Fd"Debug\vc120.pdb" /Gd /TP /analyze- /errorReport:prompt SkipList.cpp
         SkipList.cpp
     1>c:\users\yan\documents\visual studio 2013\projects\skiplist\skiplist\randomnumber.h(21): warning C4244: “=”: 从“time_t”转换到“unsigned long”，可能丢失数据
     1>c:\users\yan\documents\visual studio 2013\projects\skiplist\skiplist\skiplist.cpp(63): warning C4244: “=”: 从“float”转换到“int”，可能丢失数据
                 c:\users\yan\documents\visual studio 2013\projects\skiplist\skiplist\skiplist.cpp(61): 编译类 模板 成员函数“SkipList<int,int>::SkipList(KType,int,float)”时
                 with
                 [
                     KType=int
                 ]
                 c:\users\yan\documents\visual studio 2013\projects\skiplist\skiplist\skiplist.cpp(230): 参见对正在编译的函数 模板 实例化“SkipList<int,int>::SkipList(KType,int,float)”的引用
                 with
                 [
                     KType=int
                 ]
                 c:\users\yan\documents\visual studio 2013\projects\skiplist\skiplist\skiplist.cpp(230): 参见对正在编译的类 模板 实例化“SkipList<int,int>”的引用
       Link:
         C:\Program Files (x86)\Microsoft Visual Studio 12.0\VC\bin\link.exe /ERRORREPORT:PROMPT /OUT:"C:\Users\YAN\Documents\Visual Studio 2013\Projects\SkipList\Debug\SkipList.exe" /INCREMENTAL /NOLOGO kernel32.lib user32.lib gdi32.lib winspool.lib comdlg32.lib advapi32.lib shell32.lib ole32.lib oleaut32.lib uuid.lib odbc32.lib odbccp32.lib /MANIFEST /MANIFESTUAC:"level='asInvoker' uiAccess='false'" /manifest:embed /DEBUG /PDB:"C:\Users\YAN\Documents\Visual Studio 2013\Projects\SkipList\Debug\SkipList.pdb" /SUBSYSTEM:CONSOLE /TLBID:1 /DYNAMICBASE /NXCOMPAT /IMPLIB:"C:\Users\YAN\Documents\Visual Studio 2013\Projects\SkipList\Debug\SkipList.lib" /MACHINE:X86 Debug\SkipList.obj
         Debug\stdafx.obj
         SkipList.vcxproj -> C:\Users\YAN\Documents\Visual Studio 2013\Projects\SkipList\Debug\SkipList.exe
     1>已完成生成项目“C:\Users\YAN\Documents\Visual Studio 2013\Projects\SkipList\SkipList\SkipList.vcxproj”(Build 个目标)的操作。

生成成功。

已用时间 00:00:01.05
