生成启动时间为 2016/10/8 12:59:23。
     1>项目“C:\Users\YAN\Documents\Visual Studio 2013\Projects\OrderedListSearch\OrderedListSearch\OrderedListSearch.vcxproj”在节点 2 上(Build 个目标)。
     1>ClCompile:
         C:\Program Files (x86)\Microsoft Visual Studio 12.0\VC\bin\CL.exe /c /ZI /nologo /W3 /WX- /sdl /Od /Oy- /D WIN32 /D _DEBUG /D _CONSOLE /D _LIB /D _UNICODE /D UNICODE /Gm /EHsc /RTC1 /MDd /GS /fp:precise /Zc:wchar_t /Zc:forScope /Yu"stdafx.h" /Fp"Debug\OrderedListSearch.pch" /Fo"Debug\\" /Fd"Debug\vc120.pdb" /Gd /TP /analyze- /errorReport:prompt OrderedListSearch.cpp
         OrderedListSearch.cpp
     1>c:\users\yan\documents\visual studio 2013\projects\orderedlistsearch\orderedlistsearch\randomnumber.h(18): warning C4244: “=”: 从“time_t”转换到“unsigned long”，可能丢失数据
     1>c:\users\yan\documents\visual studio 2013\projects\orderedlistsearch\orderedlistsearch\orderedlistsearch.cpp(64): warning C4244: “初始化”: 从“double”转换到“int”，可能丢失数据
                 c:\users\yan\documents\visual studio 2013\projects\orderedlistsearch\orderedlistsearch\orderedlistsearch.cpp(61): 编译类 模板 成员函数“bool OrderedList<int>::Search(Type,int &)”时
                 with
                 [
                     Type=int
                 ]
                 c:\users\yan\documents\visual studio 2013\projects\orderedlistsearch\orderedlistsearch\orderedlistsearch.cpp(193): 参见对正在编译的函数 模板 实例化“bool OrderedList<int>::Search(Type,int &)”的引用
                 with
                 [
                     Type=int
                 ]
                 c:\users\yan\documents\visual studio 2013\projects\orderedlistsearch\orderedlistsearch\orderedlistsearch.cpp(178): 参见对正在编译的类 模板 实例化“OrderedList<int>”的引用
     1>c:\users\yan\documents\visual studio 2013\projects\orderedlistsearch\orderedlistsearch\orderedlistsearch.cpp(103): warning C4244: “初始化”: 从“double”转换到“int”，可能丢失数据
                 c:\users\yan\documents\visual studio 2013\projects\orderedlistsearch\orderedlistsearch\orderedlistsearch.cpp(99): 编译类 模板 成员函数“int OrderedList<int>::SearchLast(void)”时
                 c:\users\yan\documents\visual studio 2013\projects\orderedlistsearch\orderedlistsearch\orderedlistsearch.cpp(138): 参见对正在编译的函数 模板 实例化“int OrderedList<int>::SearchLast(void)”的引用
                 c:\users\yan\documents\visual studio 2013\projects\orderedlistsearch\orderedlistsearch\orderedlistsearch.cpp(44): 编译类 模板 成员函数“OrderedList<int>::OrderedList(Type,Type,int)”时
                 with
                 [
                     Type=int
                 ]
                 c:\users\yan\documents\visual studio 2013\projects\orderedlistsearch\orderedlistsearch\orderedlistsearch.cpp(178): 参见对正在编译的函数 模板 实例化“OrderedList<int>::OrderedList(Type,Type,int)”的引用
                 with
                 [
                     Type=int
                 ]
       Link:
         C:\Program Files (x86)\Microsoft Visual Studio 12.0\VC\bin\link.exe /ERRORREPORT:PROMPT /OUT:"C:\Users\YAN\Documents\Visual Studio 2013\Projects\OrderedListSearch\Debug\OrderedListSearch.exe" /INCREMENTAL /NOLOGO kernel32.lib user32.lib gdi32.lib winspool.lib comdlg32.lib advapi32.lib shell32.lib ole32.lib oleaut32.lib uuid.lib odbc32.lib odbccp32.lib /MANIFEST /MANIFESTUAC:"level='asInvoker' uiAccess='false'" /manifest:embed /DEBUG /PDB:"C:\Users\YAN\Documents\Visual Studio 2013\Projects\OrderedListSearch\Debug\OrderedListSearch.pdb" /SUBSYSTEM:CONSOLE /TLBID:1 /DYNAMICBASE /NXCOMPAT /IMPLIB:"C:\Users\YAN\Documents\Visual Studio 2013\Projects\OrderedListSearch\Debug\OrderedListSearch.lib" /MACHINE:X86 Debug\OrderedListSearch.obj
         Debug\stdafx.obj
         OrderedListSearch.vcxproj -> C:\Users\YAN\Documents\Visual Studio 2013\Projects\OrderedListSearch\Debug\OrderedListSearch.exe
     1>已完成生成项目“C:\Users\YAN\Documents\Visual Studio 2013\Projects\OrderedListSearch\OrderedListSearch\OrderedListSearch.vcxproj”(Build 个目标)的操作。

生成成功。

已用时间 00:00:01.92
