生成启动时间为 2016/10/10 14:47:39。
     1>项目“C:\Users\YAN\Documents\Visual Studio 2013\Projects\MajorityMC\MajorityMC\MajorityMC.vcxproj”在节点 2 上(Build 个目标)。
     1>ClCompile:
         C:\Program Files (x86)\Microsoft Visual Studio 12.0\VC\bin\CL.exe /c /ZI /nologo /W3 /WX- /sdl /Od /Oy- /D WIN32 /D _DEBUG /D _CONSOLE /D _LIB /D _UNICODE /D UNICODE /Gm /EHsc /RTC1 /MDd /GS /fp:precise /Zc:wchar_t /Zc:forScope /Yc"stdafx.h" /Fp"Debug\MajorityMC.pch" /Fo"Debug\\" /Fd"Debug\vc120.pdb" /Gd /TP /analyze- /errorReport:prompt stdafx.cpp
         stdafx.cpp
         C:\Program Files (x86)\Microsoft Visual Studio 12.0\VC\bin\CL.exe /c /ZI /nologo /W3 /WX- /sdl /Od /Oy- /D WIN32 /D _DEBUG /D _CONSOLE /D _LIB /D _UNICODE /D UNICODE /Gm /EHsc /RTC1 /MDd /GS /fp:precise /Zc:wchar_t /Zc:forScope /Yu"stdafx.h" /Fp"Debug\MajorityMC.pch" /Fo"Debug\\" /Fd"Debug\vc120.pdb" /Gd /TP /analyze- /errorReport:prompt MajorityMC.cpp
         MajorityMC.cpp
     1>c:\users\yan\documents\visual studio 2013\projects\majoritymc\majoritymc\randomnumber.h(21): warning C4244: “=”: 从“time_t”转换到“unsigned long”，可能丢失数据
     1>c:\users\yan\documents\visual studio 2013\projects\majoritymc\majoritymc\majoritymc.cpp(60): warning C4305: “初始化”: 从“double”到“float”截断
     1>c:\users\yan\documents\visual studio 2013\projects\majoritymc\majoritymc\majoritymc.cpp(49): warning C4244: “初始化”: 从“double”转换到“int”，可能丢失数据
                 c:\users\yan\documents\visual studio 2013\projects\majoritymc\majoritymc\majoritymc.cpp(68): 参见对正在编译的函数 模板 实例化“bool MajorityMC<int>(Type *,int,double)”的引用
                 with
                 [
                     Type=int
                 ]
       Link:
         C:\Program Files (x86)\Microsoft Visual Studio 12.0\VC\bin\link.exe /ERRORREPORT:PROMPT /OUT:"C:\Users\YAN\Documents\Visual Studio 2013\Projects\MajorityMC\Debug\MajorityMC.exe" /INCREMENTAL /NOLOGO kernel32.lib user32.lib gdi32.lib winspool.lib comdlg32.lib advapi32.lib shell32.lib ole32.lib oleaut32.lib uuid.lib odbc32.lib odbccp32.lib /MANIFEST /MANIFESTUAC:"level='asInvoker' uiAccess='false'" /manifest:embed /DEBUG /PDB:"C:\Users\YAN\Documents\Visual Studio 2013\Projects\MajorityMC\Debug\MajorityMC.pdb" /SUBSYSTEM:CONSOLE /TLBID:1 /DYNAMICBASE /NXCOMPAT /IMPLIB:"C:\Users\YAN\Documents\Visual Studio 2013\Projects\MajorityMC\Debug\MajorityMC.lib" /MACHINE:X86 Debug\MajorityMC.obj
         Debug\stdafx.obj
         MajorityMC.vcxproj -> C:\Users\YAN\Documents\Visual Studio 2013\Projects\MajorityMC\Debug\MajorityMC.exe
     1>已完成生成项目“C:\Users\YAN\Documents\Visual Studio 2013\Projects\MajorityMC\MajorityMC\MajorityMC.vcxproj”(Build 个目标)的操作。

生成成功。

已用时间 00:00:01.94
